# JRE version: OpenJDK Runtime Environment (8.0_76-b03) (build 1.8.0_76-release-b03)
# Java VM: OpenJDK 64-Bit Server VM (25.76-b03 mixed mode windows-amd64 compressed oops)
Heap:
 PSYoungGen      total 165888K, used 135846K [0x00000000eab00000, 0x00000000f8900000, 0x0000000100000000)
  eden space 150528K, 87% used [0x00000000eab00000,0x00000000f2b498a0,0x00000000f3e00000)
  from space 15360K, 29% used [0x00000000f3e00000,0x00000000f42600c8,0x00000000f4d00000)
  to   space 15360K, 0% used [0x00000000f7a00000,0x00000000f7a00000,0x00000000f8900000)
 ParOldGen       total 87552K, used 39953K [0x00000000c0000000, 0x00000000c5580000, 0x00000000eab00000)
  object space 87552K, 45% used [0x00000000c0000000,0x00000000c27046a0,0x00000000c5580000)
 Metaspace       used 57499K, capacity 59844K, committed 60080K, reserved 1101824K
  class space    used 7779K, capacity 8284K, committed 8368K, reserved 1048576K
GC Heap History (10 events):
Event: 34.141 GC heap before
{Heap before GC invocations=12 (full 2):
 PSYoungGen      total 93696K, used 83968K [0x00000000eab00000, 0x00000000f3180000, 0x0000000100000000)
  eden space 83968K, 100% used [0x00000000eab00000,0x00000000efd00000,0x00000000efd00000)
  from space 9728K, 0% used [0x00000000efd00000,0x00000000efd00000,0x00000000f0680000)
  to   space 9728K, 0% used [0x00000000f2800000,0x00000000f2800000,0x00000000f3180000)
 ParOldGen       total 87552K, used 17066K [0x00000000c0000000, 0x00000000c5580000, 0x00000000eab00000)
  object space 87552K, 19% used [0x00000000c0000000,0x00000000c10aaa68,0x00000000c5580000)
 Metaspace       used 43163K, capacity 44198K, committed 44464K, reserved 1087488K
  class space    used 5782K, capacity 6040K, committed 6064K, reserved 1048576K
Event: 34.172 GC heap after
Heap after GC invocations=12 (full 2):
 PSYoungGen      total 121856K, used 9373K [0x00000000eab00000, 0x00000000f3180000, 0x0000000100000000)
  eden space 112128K, 0% used [0x00000000eab00000,0x00000000eab00000,0x00000000f1880000)
  from space 9728K, 96% used [0x00000000f2800000,0x00000000f3127478,0x00000000f3180000)
  to   space 10240K, 0% used [0x00000000f1d80000,0x00000000f1d80000,0x00000000f2780000)
 ParOldGen       total 87552K, used 17138K [0x00000000c0000000, 0x00000000c5580000, 0x00000000eab00000)
  object space 87552K, 19% used [0x00000000c0000000,0x00000000c10bca78,0x00000000c5580000)
 Metaspace       used 43163K, capacity 44198K, committed 44464K, reserved 1087488K
  class space    used 5782K, capacity 6040K, committed 6064K, reserved 1048576K
}
Event: 36.243 GC heap before
{Heap before GC invocations=13 (full 2):
 PSYoungGen      total 121856K, used 121501K [0x00000000eab00000, 0x00000000f3180000, 0x0000000100000000)
  eden space 112128K, 100% used [0x00000000eab00000,0x00000000f1880000,0x00000000f1880000)
  from space 9728K, 96% used [0x00000000f2800000,0x00000000f3127478,0x00000000f3180000)
  to   space 10240K, 0% used [0x00000000f1d80000,0x00000000f1d80000,0x00000000f2780000)
 ParOldGen       total 87552K, used 17138K [0x00000000c0000000, 0x00000000c5580000, 0x00000000eab00000)
  object space 87552K, 19% used [0x00000000c0000000,0x00000000c10bca78,0x00000000c5580000)
 Metaspace       used 49047K, capacity 50428K, committed 50736K, reserved 1093632K
  class space    used 6659K, capacity 6959K, committed 6960K, reserved 1048576K
Event: 36.304 GC heap after
Heap after GC invocations=13 (full 2):
 PSYoungGen      total 127488K, used 10208K [0x00000000eab00000, 0x00000000f5b80000, 0x0000000100000000)
  eden space 117248K, 0% used [0x00000000eab00000,0x00000000eab00000,0x00000000f1d80000)
  from space 10240K, 99% used [0x00000000f1d80000,0x00000000f2778010,0x00000000f2780000)
  to   space 14848K, 0% used [0x00000000f4d00000,0x00000000f4d00000,0x00000000f5b80000)
 ParOldGen       total 87552K, used 25871K [0x00000000c0000000, 0x00000000c5580000, 0x00000000eab00000)
  object space 87552K, 29% used [0x00000000c0000000,0x00000000c1943d98,0x00000000c5580000)
 Metaspace       used 49047K, capacity 50428K, committed 50736K, reserved 1093632K
  class space    used 6659K, capacity 6959K, committed 6960K, reserved 1048576K
}
Event: 37.713 GC heap before
{Heap before GC invocations=14 (full 2):
 PSYoungGen      total 127488K, used 92986K [0x00000000eab00000, 0x00000000f5b80000, 0x0000000100000000)
  eden space 117248K, 70% used [0x00000000eab00000,0x00000000efbd6ba8,0x00000000f1d80000)
  from space 10240K, 99% used [0x00000000f1d80000,0x00000000f2778010,0x00000000f2780000)
  to   space 14848K, 0% used [0x00000000f4d00000,0x00000000f4d00000,0x00000000f5b80000)
 ParOldGen       total 87552K, used 25871K [0x00000000c0000000, 0x00000000c5580000, 0x00000000eab00000)
  object space 87552K, 29% used [0x00000000c0000000,0x00000000c1943d98,0x00000000c5580000)
 Metaspace       used 52536K, capacity 54492K, committed 54576K, reserved 1095680K
  class space    used 7220K, capacity 7696K, committed 7728K, reserved 1048576K
Event: 37.777 GC heap after
Heap after GC invocations=14 (full 2):
 PSYoungGen      total 165376K, used 11212K [0x00000000eab00000, 0x00000000f5c80000, 0x0000000100000000)
  eden space 150528K, 0% used [0x00000000eab00000,0x00000000eab00000,0x00000000f3e00000)
  from space 14848K, 75% used [0x00000000f4d00000,0x00000000f57f3308,0x00000000f5b80000)
  to   space 15360K, 0% used [0x00000000f3e00000,0x00000000f3e00000,0x00000000f4d00000)
 ParOldGen       total 87552K, used 35513K [0x00000000c0000000, 0x00000000c5580000, 0x00000000eab00000)
  object space 87552K, 40% used [0x00000000c0000000,0x00000000c22ae638,0x00000000c5580000)
 Metaspace       used 52536K, capacity 54492K, committed 54576K, reserved 1095680K
  class space    used 7220K, capacity 7696K, committed 7728K, reserved 1048576K
}
Event: 37.777 GC heap before
{Heap before GC invocations=15 (full 3):
 PSYoungGen      total 165376K, used 11212K [0x00000000eab00000, 0x00000000f5c80000, 0x0000000100000000)
  eden space 150528K, 0% used [0x00000000eab00000,0x00000000eab00000,0x00000000f3e00000)
  from space 14848K, 75% used [0x00000000f4d00000,0x00000000f57f3308,0x00000000f5b80000)
  to   space 15360K, 0% used [0x00000000f3e00000,0x00000000f3e00000,0x00000000f4d00000)
 ParOldGen       total 87552K, used 35513K [0x00000000c0000000, 0x00000000c5580000, 0x00000000eab00000)
  object space 87552K, 40% used [0x00000000c0000000,0x00000000c22ae638,0x00000000c5580000)
 Metaspace       used 52536K, capacity 54492K, committed 54576K, reserved 1095680K
  class space    used 7220K, capacity 7696K, committed 7728K, reserved 1048576K
Event: 38.235 GC heap after
Heap after GC invocations=15 (full 3):
 PSYoungGen      total 165376K, used 0K [0x00000000eab00000, 0x00000000f5c80000, 0x0000000100000000)
  eden space 150528K, 0% used [0x00000000eab00000,0x00000000eab00000,0x00000000f3e00000)
  from space 14848K, 0% used [0x00000000f4d00000,0x00000000f4d00000,0x00000000f5b80000)
  to   space 15360K, 0% used [0x00000000f3e00000,0x00000000f3e00000,0x00000000f4d00000)
 ParOldGen       total 87552K, used 39945K [0x00000000c0000000, 0x00000000c5580000, 0x00000000eab00000)
  object space 87552K, 45% used [0x00000000c0000000,0x00000000c27026a0,0x00000000c5580000)
 Metaspace       used 52536K, capacity 54492K, committed 54576K, reserved 1095680K
  class space    used 7220K, capacity 7696K, committed 7728K, reserved 1048576K
}
Event: 58.035 GC heap before
{Heap before GC invocations=16 (full 3):
 PSYoungGen      total 165376K, used 150528K [0x00000000eab00000, 0x00000000f5c80000, 0x0000000100000000)
  eden space 150528K, 100% used [0x00000000eab00000,0x00000000f3e00000,0x00000000f3e00000)
  from space 14848K, 0% used [0x00000000f4d00000,0x00000000f4d00000,0x00000000f5b80000)
  to   space 15360K, 0% used [0x00000000f3e00000,0x00000000f3e00000,0x00000000f4d00000)
 ParOldGen       total 87552K, used 39945K [0x00000000c0000000, 0x00000000c5580000, 0x00000000eab00000)
  object space 87552K, 45% used [0x00000000c0000000,0x00000000c27026a0,0x00000000c5580000)
 Metaspace       used 55446K, capacity 57612K, committed 57776K, reserved 1099776K
  class space    used 7554K, capacity 8012K, committed 8112K, reserved 1048576K
Event: 58.046 GC heap after
Heap after GC invocations=16 (full 3):
 PSYoungGen      total 165888K, used 4480K [0x00000000eab00000, 0x00000000f8900000, 0x0000000100000000)
  eden space 150528K, 0% used [0x00000000eab00000,0x00000000eab00000,0x00000000f3e00000)
  from space 15360K, 29% used [0x00000000f3e00000,0x00000000f42600c8,0x00000000f4d00000)
  to   space 15360K, 0% used [0x00000000f7a00000,0x00000000f7a00000,0x00000000f8900000)
 ParOldGen       total 87552K, used 39953K [0x00000000c0000000, 0x00000000c5580000, 0x00000000eab00000)
  object space 87552K, 45% used [0x00000000c0000000,0x00000000c27046a0,0x00000000c5580000)
 Metaspace       used 55446K, capacity 57612K, committed 57776K, reserved 1099776K
  class space    used 7554K, capacity 8012K, committed 8112K, reserved 1048576K
}

